<?xml version="1.0" encoding="UTF-8"?>
<!-- Generated by org.testng.reporters.JUnitReportReporter -->
<testsuite hostname="qedge-PC" name="grid.grd" tests="1" failures="0" timestamp="24 Jun 2016 03:30:50 GMT" time="24.692" errors="0">
  <testcase name="loginTest" time="24.692" classname="grid.grd"/>
</testsuite> <!-- grid.grd -->
