<?xml version="1.0" encoding="UTF-8"?>
<!-- Generated by org.testng.reporters.JUnitReportReporter -->
<testsuite hostname="qedge-PC" name="sample.grid" tests="1" failures="0" timestamp="18 Jun 2016 11:33:06 GMT" time="19.693" errors="0">
  <testcase name="loginTest" time="19.693" classname="sample.grid"/>
</testsuite> <!-- sample.grid -->
