<?xml version="1.0" encoding="UTF-8"?>
<!-- Generated by org.testng.reporters.JUnitReportReporter -->
<testsuite hostname="qedge-PC" name="grid.Grid1" tests="2" failures="0" timestamp="25 Jun 2016 04:31:55 GMT" time="30.431" errors="0">
  <testcase name="sample" time="16.246" classname="grid.Grid1"/>
  <testcase name="sample" time="14.185" classname="grid.Grid1"/>
</testsuite> <!-- grid.Grid1 -->
