<?xml version="1.0" encoding="UTF-8"?>
<!-- Generated by org.testng.reporters.JUnitReportReporter -->
<testsuite hostname="qedge-PC" name="sample.Explicitwait_Flunetwait" tests="1" failures="0" timestamp="21 Jun 2016 03:01:42 GMT" time="17.629" errors="0">
  <testcase name="waitTest" time="17.629" classname="sample.Explicitwait_Flunetwait"/>
</testsuite> <!-- sample.Explicitwait_Flunetwait -->
