<?xml version="1.0" encoding="UTF-8"?>
<!-- Generated by org.testng.reporters.JUnitReportReporter -->
<testsuite hostname="qedge-PC" name="excel.NewTest" tests="1" failures="0" timestamp="2 Jul 2016 04:12:20 GMT" time="24.771" errors="0">
  <testcase name="f" time="24.771" classname="excel.NewTest"/>
</testsuite> <!-- excel.NewTest -->
