<?xml version="1.0" encoding="UTF-8"?>
<!-- Generated by org.testng.reporters.JUnitReportReporter -->
<testsuite hostname="qedge-PC" name="sample.Robo_FIleupload2" tests="1" failures="0" timestamp="23 Jun 2016 02:39:37 GMT" time="25.489" errors="0">
  <testcase name="fileUpload" time="25.489" classname="sample.Robo_FIleupload2"/>
</testsuite> <!-- sample.Robo_FIleupload2 -->
