<?xml version="1.0" encoding="UTF-8"?>
<!-- Generated by org.testng.reporters.JUnitReportReporter -->
<testsuite hostname="qedge-PC" name="excel.LoginusingKeywords" tests="1" failures="0" timestamp="2 Jul 2016 05:26:19 GMT" time="19.004" errors="0">
  <testcase name="loginTest" time="19.004" classname="excel.LoginusingKeywords"/>
</testsuite> <!-- excel.LoginusingKeywords -->
