<?xml version="1.0" encoding="UTF-8"?>
<!-- Generated by org.testng.reporters.JUnitReportReporter -->
<testsuite hostname="qedge-PC" name="sample.Robo_Fileupload" tests="1" failures="0" timestamp="22 Jun 2016 03:47:17 GMT" time="15.539" errors="0">
  <testcase name="f" time="15.539" classname="sample.Robo_Fileupload"/>
</testsuite> <!-- sample.Robo_Fileupload -->
