<?xml version="1.0" encoding="UTF-8"?>
<!-- Generated by org.testng.reporters.JUnitReportReporter -->
<testsuite hostname="qedge-PC" name="sample.Dynamic_xpath" tests="1" failures="0" timestamp="20 Jun 2016 03:15:19 GMT" time="40.574" errors="0">
  <testcase name="f" time="40.574" classname="sample.Dynamic_xpath"/>
</testsuite> <!-- sample.Dynamic_xpath -->
