<?xml version="1.0" encoding="UTF-8"?>
<!-- Generated by org.testng.reporters.JUnitReportReporter -->
<testsuite hostname="qedge-PC" name="excel.execel1" tests="1" failures="0" timestamp="2 Jul 2016 04:58:29 GMT" time="41.667" errors="0">
  <testcase name="f" time="41.667" classname="excel.execel1"/>
</testsuite> <!-- excel.execel1 -->
