<?xml version="1.0" encoding="UTF-8"?>
<!-- Generated by org.testng.reporters.JUnitReportReporter -->
<testsuite hostname="qedge-PC" name="excel.LoginusingProperties" tests="1" failures="0" timestamp="3 Jul 2016 04:33:47 GMT" time="5.174" errors="0">
  <testcase name="loginTest" time="5.174" classname="excel.LoginusingProperties"/>
</testsuite> <!-- excel.LoginusingProperties -->
