<?xml version="1.0" encoding="UTF-8"?>
<!-- Generated by org.testng.reporters.JUnitReportReporter -->
<testsuite hostname="qedge-PC" name="sample.Grid12" tests="2" failures="0" timestamp="18 Jun 2016 11:53:15 GMT" time="34.635" errors="0">
  <testcase name="dropdownTest" time="17.439" classname="sample.Grid12"/>
  <testcase name="dropdownTest" time="17.196" classname="sample.Grid12"/>
</testsuite> <!-- sample.Grid12 -->
