<?xml version="1.0" encoding="UTF-8"?>
<!-- Generated by org.testng.reporters.JUnitReportReporter -->
<testsuite hostname="qedge-PC" name="excel.DatadrivenTesting2" tests="1" failures="0" timestamp="3 Jul 2016 05:17:07 GMT" time="22.378" errors="0">
  <testcase name="registrationTest" time="22.378" classname="excel.DatadrivenTesting2"/>
</testsuite> <!-- excel.DatadrivenTesting2 -->
