<?xml version="1.0" encoding="UTF-8"?>
<!-- Generated by org.testng.reporters.JUnitReportReporter -->
<testsuite hostname="qedge-PC" name="sample.Calander_Webtable" tests="1" failures="0" timestamp="23 Jun 2016 03:48:23 GMT" time="41.361" errors="0">
  <testcase name="calanderTest" time="41.361" classname="sample.Calander_Webtable"/>
</testsuite> <!-- sample.Calander_Webtable -->
