<?xml version="1.0" encoding="UTF-8"?>
<!-- Generated by org.testng.reporters.JUnitReportReporter -->
<testsuite hostname="qedge-PC" name="sample.Robo_save" tests="1" failures="0" timestamp="21 Jun 2016 03:53:13 GMT" time="16.532" errors="0">
  <testcase name="f" time="16.532" classname="sample.Robo_save"/>
</testsuite> <!-- sample.Robo_save -->
