<?xml version="1.0" encoding="UTF-8"?>
<!-- Generated by org.testng.reporters.JUnitReportReporter -->
<testsuite hostname="qedge-PC" name="sample.ExplicitWait_Webdriverwait" tests="1" failures="0" timestamp="21 Jun 2016 03:03:54 GMT" time="31.077" errors="0">
  <testcase name="waitTest" time="31.077" classname="sample.ExplicitWait_Webdriverwait"/>
</testsuite> <!-- sample.ExplicitWait_Webdriverwait -->
